<?xml version="1.0" encoding="UTF-8"?>
<!-- Generated by org.testng.reporters.JUnitReportReporter -->
<testsuite hostname="DESKTOP-8GE107Q" failures="0" tests="3" name="com.Swarmio.TestCases.Swarmio_Login_Test" time="65.584" errors="0" timestamp="2022-02-24T14:16:00 IST" skipped="0">
  <testcase classname="com.Swarmio.TestCases.Swarmio_Login_Test" name="CheckIncorrectEmailValidation" time="11.748"/>
  <system-out/>
  <testcase classname="com.Swarmio.TestCases.Swarmio_Login_Test" name="CheckEmptyPasswordValidation" time="12.032"/>
  <system-out/>
  <testcase classname="com.Swarmio.TestCases.Swarmio_Login_Test" name="LogintoApplication" time="41.804"/>
  <system-out/>
</testsuite> <!-- com.Swarmio.TestCases.Swarmio_Login_Test -->
