<?xml version="1.0" encoding="UTF-8"?>
<!-- Generated by org.testng.reporters.JUnitReportReporter -->
<testsuite hostname="DESKTOP-8GE107Q" failures="0" tests="2" name="com.Swarmio.TestCases.CRM_Template" time="41.911" errors="0" timestamp="2022-02-24T12:37:41 IST" skipped="1">
  <testcase classname="com.Swarmio.TestCases.CRM_Template" name="LogintoApplication" time="41.911"/>
  <system-out/>
  <testcase classname="com.Swarmio.TestCases.CRM_Template" name="createNewCRMapp">
    <skipped/>
  </testcase> <!-- createNewCRMapp -->
  <system-out/>
</testsuite> <!-- com.Swarmio.TestCases.CRM_Template -->
