<?xml version="1.0" encoding="UTF-8"?>
<!-- Generated by org.testng.reporters.JUnitReportReporter -->
<testsuite hostname="DESKTOP-8GE107Q" failures="0" tests="2" name="com.Appmaker.TestCases.CRM_Template" time="153.058" errors="0" timestamp="2022-02-17T08:32:55 IST" skipped="0">
  <testcase classname="com.Appmaker.TestCases.CRM_Template" name="LogintoApplication" time="71.402"/>
  <system-out/>
  <testcase classname="com.Appmaker.TestCases.CRM_Template" name="createNewCRMapp" time="81.656"/>
  <system-out/>
</testsuite> <!-- com.Appmaker.TestCases.CRM_Template -->
