<?xml version="1.0" encoding="UTF-8"?>
<!-- Generated by org.testng.reporters.JUnitReportReporter -->
<testsuite hostname="DESKTOP-8GE107Q" failures="0" tests="3" name="com.Swarmio.TestCases.Swarmio_Login_Test" time="65.549" errors="0" timestamp="2022-02-28T15:27:51 IST" skipped="0">
  <testcase classname="com.Swarmio.TestCases.Swarmio_Login_Test" name="CheckIncorrectEmailValidation" time="12.167"/>
  <system-out/>
  <testcase classname="com.Swarmio.TestCases.Swarmio_Login_Test" name="CheckEmptyPasswordValidation" time="11.572"/>
  <system-out/>
  <testcase classname="com.Swarmio.TestCases.Swarmio_Login_Test" name="LogintoApplication" time="41.810"/>
  <system-out/>
</testsuite> <!-- com.Swarmio.TestCases.Swarmio_Login_Test -->
